{"total": {"lines":{"total":2471,"covered":2456,"skipped":0,"pct":99.39},"statements":{"total":2471,"covered":2456,"skipped":0,"pct":99.39},"functions":{"total":205,"covered":203,"skipped":0,"pct":99.02},"branches":{"total":539,"covered":517,"skipped":0,"pct":95.91},"branchesTrue":{"total":0,"covered":0,"skipped":0,"pct":100}}
,"/Users/rameshtamilselvan/Downloads/aethelred/sdk/typescript/src/core/client.ts": {"lines":{"total":134,"covered":134,"skipped":0,"pct":100},"functions":{"total":15,"covered":14,"skipped":0,"pct":93.33},"statements":{"total":134,"covered":134,"skipped":0,"pct":100},"branches":{"total":31,"covered":27,"skipped":0,"pct":87.09}}
,"/Users/rameshtamilselvan/Downloads/aethelred/sdk/typescript/src/core/config.ts": {"lines":{"total":116,"covered":116,"skipped":0,"pct":100},"functions":{"total":1,"covered":1,"skipped":0,"pct":100},"statements":{"total":116,"covered":116,"skipped":0,"pct":100},"branches":{"total":7,"covered":7,"skipped":0,"pct":100}}
,"/Users/rameshtamilselvan/Downloads/aethelred/sdk/typescript/src/core/errors.ts": {"lines":{"total":127,"covered":127,"skipped":0,"pct":100},"functions":{"total":16,"covered":16,"skipped":0,"pct":100},"statements":{"total":127,"covered":127,"skipped":0,"pct":100},"branches":{"total":17,"covered":17,"skipped":0,"pct":100}}
,"/Users/rameshtamilselvan/Downloads/aethelred/sdk/typescript/src/crypto/index.ts": {"lines":{"total":25,"covered":25,"skipped":0,"pct":100},"functions":{"total":4,"covered":4,"skipped":0,"pct":100},"statements":{"total":25,"covered":25,"skipped":0,"pct":100},"branches":{"total":6,"covered":6,"skipped":0,"pct":100}}
,"/Users/rameshtamilselvan/Downloads/aethelred/sdk/typescript/src/crypto/pqc.ts": {"lines":{"total":454,"covered":454,"skipped":0,"pct":100},"functions":{"total":24,"covered":24,"skipped":0,"pct":100},"statements":{"total":454,"covered":454,"skipped":0,"pct":100},"branches":{"total":30,"covered":30,"skipped":0,"pct":100}}
,"/Users/rameshtamilselvan/Downloads/aethelred/sdk/typescript/src/devtools/seal-verifier.ts": {"lines":{"total":545,"covered":536,"skipped":0,"pct":98.34},"functions":{"total":13,"covered":13,"skipped":0,"pct":100},"statements":{"total":545,"covered":536,"skipped":0,"pct":98.34},"branches":{"total":197,"covered":188,"skipped":0,"pct":95.43}}
,"/Users/rameshtamilselvan/Downloads/aethelred/sdk/typescript/src/jobs/index.ts": {"lines":{"total":54,"covered":54,"skipped":0,"pct":100},"functions":{"total":8,"covered":8,"skipped":0,"pct":100},"statements":{"total":54,"covered":54,"skipped":0,"pct":100},"branches":{"total":18,"covered":15,"skipped":0,"pct":83.33}}
,"/Users/rameshtamilselvan/Downloads/aethelred/sdk/typescript/src/nn/containers.ts": {"lines":{"total":404,"covered":404,"skipped":0,"pct":100},"functions":{"total":55,"covered":55,"skipped":0,"pct":100},"statements":{"total":404,"covered":404,"skipped":0,"pct":100},"branches":{"total":98,"covered":98,"skipped":0,"pct":100}}
,"/Users/rameshtamilselvan/Downloads/aethelred/sdk/typescript/src/nn/module.ts": {"lines":{"total":567,"covered":561,"skipped":0,"pct":98.94},"functions":{"total":60,"covered":59,"skipped":0,"pct":98.33},"statements":{"total":567,"covered":561,"skipped":0,"pct":98.94},"branches":{"total":124,"covered":119,"skipped":0,"pct":95.96}}
,"/Users/rameshtamilselvan/Downloads/aethelred/sdk/typescript/src/seals/index.ts": {"lines":{"total":45,"covered":45,"skipped":0,"pct":100},"functions":{"total":9,"covered":9,"skipped":0,"pct":100},"statements":{"total":45,"covered":45,"skipped":0,"pct":100},"branches":{"total":11,"covered":10,"skipped":0,"pct":90.9}}
}
